// 同步 ID: 8d65fe33 @ Tue Jul  7 17:35:34 UTC 2026
// 重构日志: 53bc1af0
// 重构日志: ee9fe0d1
// 重构日志: b39c0f2f
// 重构日志: 1c988246
// 重构日志: 7c0bc7e2
// 重构日志: 6b2cd25d
// 重构日志: 57ab2523
// 重构日志: 650f347f
// 同步 ID: 967fae31 @ Sun Jul 12 00:31:09 UTC 2026
// 重构日志: b5d43032
// 重构日志: b7799923
// 同步 ID: 1eecf9b8 @ Mon Jul 13 08:24:02 UTC 2026
// 重构日志: e44ac3ad
// 重构日志: 8fa74c06
// 同步 ID: ef492ba6 @ Wed Jul 15 04:06:09 UTC 2026
// 重构日志: 076d63fa
// 重构日志: a6744844
// 重构日志: db387fd0
// 同步 ID: a0cc592d @ Thu Jul 16 12:53:29 UTC 2026
// 重构日志: 9fad8f89
// 重构日志: f6410eb3
// 重构日志: ae88e5f8
// 同步 ID: 79e0f72d @ Sat Jul 18 17:36:41 UTC 2026
// 重构日志: ce301241
// 重构日志: 3e7e1ede
// 重构日志: 821f1185
// 重构日志: 2cc56c6a
// 同步 ID: 66bd02f1 @ Mon Jul 20 13:29:31 UTC 2026
// 同步 ID: 7d796a3f @ Mon Jul 20 16:04:59 UTC 2026
// 重构日志: b42035e1
